Using pre-set license
Built from '2021.3/staging' branch; Version is '2021.3.25f1 (68ef2c4f8861) revision 6876972'; Using compiler version '192829333'; Build Type 'Release'
OS: 'Windows 11  (10.0.22621) 64bit Professional' Language: 'pt' Physical Memory: 15811 MB
BatchMode: 1, IsHumanControllingUs: 0, StartBugReporterOnCrash: 0, Is64bit: 1, IsPro: 1

COMMAND LINE ARGUMENTS:
C:\Program Files\Unity\Hub\Editor\2021.3.25f1\Editor\Unity.exe
-adb2
-batchMode
-noUpm
-name
AssetImportWorker7
-projectPath
C:/Users/rcarvalho/Documents/GitHub/Nature-Warth/Nature-Warth/My project
-logFile
Logs/AssetImportWorker7.log
-srvPort
53149
Successfully changed project path to: C:/Users/rcarvalho/Documents/GitHub/Nature-Warth/Nature-Warth/My project
C:/Users/rcarvalho/Documents/GitHub/Nature-Warth/Nature-Warth/My project
[UnityMemory] Configuration Parameters - Can be set up in boot.config
    "memorysetup-bucket-allocator-granularity=16"
    "memorysetup-bucket-allocator-bucket-count=8"
    "memorysetup-bucket-allocator-block-size=33554432"
    "memorysetup-bucket-allocator-block-count=8"
    "memorysetup-main-allocator-block-size=16777216"
    "memorysetup-thread-allocator-block-size=16777216"
    "memorysetup-gfx-main-allocator-block-size=16777216"
    "memorysetup-gfx-thread-allocator-block-size=16777216"
    "memorysetup-cache-allocator-block-size=4194304"
    "memorysetup-typetree-allocator-block-size=2097152"
    "memorysetup-profiler-bucket-allocator-granularity=16"
    "memorysetup-profiler-bucket-allocator-bucket-count=8"
    "memorysetup-profiler-bucket-allocator-block-size=33554432"
    "memorysetup-profiler-bucket-allocator-block-count=8"
    "memorysetup-profiler-allocator-block-size=16777216"
    "memorysetup-profiler-editor-allocator-block-size=1048576"
    "memorysetup-temp-allocator-size-main=16777216"
    "memorysetup-job-temp-allocator-block-size=2097152"
    "memorysetup-job-temp-allocator-block-size-background=1048576"
    "memorysetup-job-temp-allocator-reduction-small-platforms=262144"
    "memorysetup-temp-allocator-size-background-worker=32768"
    "memorysetup-temp-allocator-size-job-worker=262144"
    "memorysetup-temp-allocator-size-preload-manager=33554432"
    "memorysetup-temp-allocator-size-nav-mesh-worker=65536"
    "memorysetup-temp-allocator-size-audio-worker=65536"
    "memorysetup-temp-allocator-size-cloud-worker=32768"
    "memorysetup-temp-allocator-size-gi-baking-worker=262144"
    "memorysetup-temp-allocator-size-gfx=262144"
Player connection [28024] Host "[IP] 192.168.1.247 [Port] 0 [Flags] 2 [Guid] 3432891485 [EditorId] 3432891485 [Version] 1048832 [Id] WindowsEditor(7,LPT232-INF) [Debug] 1 [PackageName] WindowsEditor [ProjectName] Editor" joined multi-casting on [225.0.0.222:54997]...

Player connection [28024] Host "[IP] 192.168.1.247 [Port] 0 [Flags] 2 [Guid] 3432891485 [EditorId] 3432891485 [Version] 1048832 [Id] WindowsEditor(7,LPT232-INF) [Debug] 1 [PackageName] WindowsEditor [ProjectName] Editor" joined alternative multi-casting on [225.0.0.222:34997]...

Refreshing native plugins compatible for Editor in 192.92 ms, found 3 plugins.
Preloading 0 native plugins for Editor in 0.00 ms.
Initialize engine version: 2021.3.25f1 (68ef2c4f8861)
[Subsystems] Discovering subsystems at path C:/Program Files/Unity/Hub/Editor/2021.3.25f1/Editor/Data/Resources/UnitySubsystems
[Subsystems] Discovering subsystems at path C:/Users/rcarvalho/Documents/GitHub/Nature-Warth/Nature-Warth/My project/Assets
GfxDevice: creating device client; threaded=0; jobified=0
Direct3D:
    Version:  Direct3D 11.0 [level 11.1]
    Renderer: Intel(R) Iris(R) Xe Graphics (ID=0x46a8)
    Vendor:   Intel
    VRAM:     7905 MB
    Driver:   31.0.101.4091
Initialize mono
Mono path[0] = 'C:/Program Files/Unity/Hub/Editor/2021.3.25f1/Editor/Data/Managed'
Mono path[1] = 'C:/Program Files/Unity/Hub/Editor/2021.3.25f1/Editor/Data/MonoBleedingEdge/lib/mono/unityjit-win32'
Mono config path = 'C:/Program Files/Unity/Hub/Editor/2021.3.25f1/Editor/Data/MonoBleedingEdge/etc'
Using monoOptions --debugger-agent=transport=dt_socket,embedding=1,server=y,suspend=n,address=127.0.0.1:56964
Begin MonoManager ReloadAssembly
Registering precompiled unity dll's ...
Register platform support module: C:/Program Files/Unity/Hub/Editor/2021.3.25f1/Editor/Data/PlaybackEngines/WindowsStandaloneSupport/UnityEditor.WindowsStandalone.Extensions.dll
Registered in 0.011732 seconds.
Native extension for WindowsStandalone target not found
Refreshing native plugins compatible for Editor in 176.59 ms, found 3 plugins.
Preloading 0 native plugins for Editor in 0.00 ms.
Mono: successfully reloaded assembly
- Completed reload, in  1.535 seconds
Domain Reload Profiling:
	ReloadAssembly (1536ms)
		BeginReloadAssembly (271ms)
			ExecutionOrderSort (0ms)
			DisableScriptedObjects (0ms)
			BackupInstance (0ms)
			ReleaseScriptingObjects (0ms)
			CreateAndSetChildDomain (1ms)
		EndReloadAssembly (1068ms)
			LoadAssemblies (266ms)
			RebuildTransferFunctionScriptingTraits (0ms)
			SetupTypeCache (206ms)
			ReleaseScriptCaches (0ms)
			RebuildScriptCaches (61ms)
			SetupLoadedEditorAssemblies (687ms)
				LogAssemblyErrors (0ms)
				InitializePlatformSupportModulesInManaged (18ms)
				SetLoadedEditorAssemblies (0ms)
				RefreshPlugins (178ms)
				BeforeProcessingInitializeOnLoad (3ms)
				ProcessInitializeOnLoadAttributes (364ms)
				ProcessInitializeOnLoadMethodAttributes (123ms)
				AfterProcessingInitializeOnLoad (0ms)
				EditorAssembliesLoaded (0ms)
			ExecutionOrderSort2 (0ms)
			AwakeInstancesAfterBackupRestoration (0ms)
Platform modules already initialized, skipping
Registering precompiled user dll's ...
Registered in 0.022140 seconds.
Begin MonoManager ReloadAssembly
Symbol file LoadedFromMemory doesn't match image C:\Users\rcarvalho\Documents\GitHub\Nature-Warth\Nature-Warth\My project\Library\PackageCache\com.unity.visualscripting@1.8.0\Editor\VisualScripting.Core\Dependencies\YamlDotNet\Unity.VisualScripting.YamlDotNet.dll
Symbol file LoadedFromMemory doesn't match image C:\Users\rcarvalho\Documents\GitHub\Nature-Warth\Nature-Warth\My project\Library\PackageCache\com.unity.visualscripting@1.8.0\Editor\VisualScripting.Core\Dependencies\DotNetZip\Unity.VisualScripting.IonicZip.dll
Native extension for WindowsStandalone target not found
Refreshing native plugins compatible for Editor in 1.07 ms, found 3 plugins.
Preloading 0 native plugins for Editor in 0.00 ms.
Mono: successfully reloaded assembly
- Completed reload, in  5.871 seconds
Domain Reload Profiling:
	ReloadAssembly (5874ms)
		BeginReloadAssembly (1193ms)
			ExecutionOrderSort (0ms)
			DisableScriptedObjects (22ms)
			BackupInstance (0ms)
			ReleaseScriptingObjects (0ms)
			CreateAndSetChildDomain (102ms)
		EndReloadAssembly (4277ms)
			LoadAssemblies (1264ms)
			RebuildTransferFunctionScriptingTraits (0ms)
			SetupTypeCache (1025ms)
			ReleaseScriptCaches (1ms)
			RebuildScriptCaches (145ms)
			SetupLoadedEditorAssemblies (2347ms)
				LogAssemblyErrors (0ms)
				InitializePlatformSupportModulesInManaged (17ms)
				SetLoadedEditorAssemblies (1ms)
				RefreshPlugins (2ms)
				BeforeProcessingInitializeOnLoad (317ms)
				ProcessInitializeOnLoadAttributes (1847ms)
				ProcessInitializeOnLoadMethodAttributes (99ms)
				AfterProcessingInitializeOnLoad (63ms)
				EditorAssembliesLoaded (1ms)
			ExecutionOrderSort2 (0ms)
			AwakeInstancesAfterBackupRestoration (58ms)
Platform modules already initialized, skipping
========================================================================
Worker process is ready to serve import requests
Launched and connected shader compiler UnityShaderCompiler.exe after 0.36 seconds
Refreshing native plugins compatible for Editor in 1.01 ms, found 3 plugins.
Preloading 0 native plugins for Editor in 0.00 ms.
Unloading 3289 Unused Serialized files (Serialized files now loaded: 0)
Unloading 37 unused Assets / (185.4 KB). Loaded Objects now: 3769.
Memory consumption went from 131.0 MB to 130.8 MB.
Total: 7.679100 ms (FindLiveObjects: 0.397000 ms CreateObjectMapping: 0.216700 ms MarkObjects: 6.611300 ms  DeleteObjects: 0.450700 ms)

AssetImportParameters requested are different than current active one (requested -> active):
  custom:video-decoder-ogg-theora: a1e56fd34408186e4bbccfd4996cb3dc -> 
  custom:container-muxer-webm: aa71ff27fc2769a1b78a27578f13a17b -> 
  custom:container-demuxer-webm: 4f35f7cbe854078d1ac9338744f61a02 -> 
  custom:video-encoder-webm-vp8: eb34c28f22e8b96e1ab97ce403110664 -> 
  custom:video-codec-MediaFoundation-h265: 746d11721c4dcdbdad8f713fa42b33f4 -> 
  custom:audio-encoder-webm-vorbis: bf7c407c2cedff20999df2af8eb42d56 -> 
  custom:framework-win-MediaFoundation: 216162199b28c13a410421893ffa2e32 -> 
  custom:container-demuxer-ogg: 62fdf1f143b41e24485cea50d1cbac27 -> 
  custom:video-decoder-webm-vp8: 9c59270c3fd7afecdb556c50c9e8de78 -> 
  custom:audio-decoder-ogg-vorbis: bf7c407c2cedff20999df2af8eb42d56 -> 
========================================================================
Received Import Request.
  Time since last request: 22348.028695 seconds.
  path: Assets/Boss/Eyes_MAT.mat
  artifactKey: Guid(35bcf92401cb1424780ad458cde7461d) Importer(815301076,1909f56bfc062723c751e8b465ee728b)
Start importing Assets/Boss/Eyes_MAT.mat using Guid(35bcf92401cb1424780ad458cde7461d) Importer(815301076,1909f56bfc062723c751e8b465ee728b)  -> (artifact id: '73a1550ab8af8d2cb5e48782ef169219') in 1.929768 seconds 
========================================================================
Received Import Request.
  Time since last request: 0.615156 seconds.
  path: Assets/Boss/Eyes_MAT.mat
  artifactKey: Guid(35bcf92401cb1424780ad458cde7461d) Importer(815301076,1909f56bfc062723c751e8b465ee728b)
Start importing Assets/Boss/Eyes_MAT.mat using Guid(35bcf92401cb1424780ad458cde7461d) Importer(815301076,1909f56bfc062723c751e8b465ee728b)  -> (artifact id: '3d12844430906c09f7c0f42e5be44df6') in 0.150966 seconds 
========================================================================
Received Import Request.
  Time since last request: 18.590599 seconds.
  path: Assets/Boss/Boss_normal.png
  artifactKey: Guid(b1a36a9fecbd1f649a99fd61f8bc3403) Importer(815301076,1909f56bfc062723c751e8b465ee728b)
Start importing Assets/Boss/Boss_normal.png using Guid(b1a36a9fecbd1f649a99fd61f8bc3403) Importer(815301076,1909f56bfc062723c751e8b465ee728b)  -> (artifact id: 'd830ebd0f38e0fac96e93deb5522681c') in 0.128258 seconds 
========================================================================
Received Import Request.
  Time since last request: 5.651492 seconds.
  path: Assets/Boss/Clothes_MAT.mat
  artifactKey: Guid(84247150fa9cf264ca8d349b6298bbd7) Importer(815301076,1909f56bfc062723c751e8b465ee728b)
Start importing Assets/Boss/Clothes_MAT.mat using Guid(84247150fa9cf264ca8d349b6298bbd7) Importer(815301076,1909f56bfc062723c751e8b465ee728b)  -> (artifact id: '14826e5d1082da10901ab3e124fbba3d') in 0.038482 seconds 
========================================================================
Received Import Request.
  Time since last request: 0.000066 seconds.
  path: Assets/Boss/Skin_MAT.mat
  artifactKey: Guid(29e672dedbf15f7468ef06657d292a63) Importer(815301076,1909f56bfc062723c751e8b465ee728b)
Start importing Assets/Boss/Skin_MAT.mat using Guid(29e672dedbf15f7468ef06657d292a63) Importer(815301076,1909f56bfc062723c751e8b465ee728b)  -> (artifact id: '6965e8690edabc5ee0221b60669147f7') in 0.044502 seconds 
========================================================================
Received Import Request.
  Time since last request: 3.795357 seconds.
  path: Assets/Boss/Clothes_MAT.mat
  artifactKey: Guid(84247150fa9cf264ca8d349b6298bbd7) Importer(815301076,1909f56bfc062723c751e8b465ee728b)
Start importing Assets/Boss/Clothes_MAT.mat using Guid(84247150fa9cf264ca8d349b6298bbd7) Importer(815301076,1909f56bfc062723c751e8b465ee728b)  -> (artifact id: 'e82f26f203d526e627e912ba25206c23') in 0.064389 seconds 
========================================================================
Received Import Request.
  Time since last request: 0.000073 seconds.
  path: Assets/Boss/The Boss.fbx
  artifactKey: Guid(929f36e8789a4ed429c5ad500884e373) Importer(815301076,1909f56bfc062723c751e8b465ee728b)
Start importing Assets/Boss/The Boss.fbx using Guid(929f36e8789a4ed429c5ad500884e373) Importer(815301076,1909f56bfc062723c751e8b465ee728b)  -> (artifact id: '3dd107c871443ca20fe8667abde21d3d') in 0.346929 seconds 
========================================================================
Received Import Request.
  Time since last request: 275.503156 seconds.
  path: Assets/Boss/The Boss@Running.fbx
  artifactKey: Guid(1e73db30ec52b2048870bf00be56a64e) Importer(815301076,1909f56bfc062723c751e8b465ee728b)
Start importing Assets/Boss/The Boss@Running.fbx using Guid(1e73db30ec52b2048870bf00be56a64e) Importer(815301076,1909f56bfc062723c751e8b465ee728b)  -> (artifact id: 'a13b5e4eca972d5e9fb1563cfda073c7') in 0.034799 seconds 
