Using pre-set license
Built from '2021.3/staging' branch; Version is '2021.3.25f1 (68ef2c4f8861) revision 6876972'; Using compiler version '192829333'; Build Type 'Release'
OS: 'Windows 11  (10.0.22621) 64bit Professional' Language: 'pt' Physical Memory: 15811 MB
BatchMode: 1, IsHumanControllingUs: 0, StartBugReporterOnCrash: 0, Is64bit: 1, IsPro: 1

COMMAND LINE ARGUMENTS:
C:\Program Files\Unity\Hub\Editor\2021.3.25f1\Editor\Unity.exe
-adb2
-batchMode
-noUpm
-name
AssetImportWorker5
-projectPath
C:/Users/rcarvalho/Documents/GitHub/Nature-Warth/Nature-Warth/My project
-logFile
Logs/AssetImportWorker5.log
-srvPort
53149
Successfully changed project path to: C:/Users/rcarvalho/Documents/GitHub/Nature-Warth/Nature-Warth/My project
C:/Users/rcarvalho/Documents/GitHub/Nature-Warth/Nature-Warth/My project
[UnityMemory] Configuration Parameters - Can be set up in boot.config
    "memorysetup-bucket-allocator-granularity=16"
    "memorysetup-bucket-allocator-bucket-count=8"
    "memorysetup-bucket-allocator-block-size=33554432"
    "memorysetup-bucket-allocator-block-count=8"
    "memorysetup-main-allocator-block-size=16777216"
    "memorysetup-thread-allocator-block-size=16777216"
    "memorysetup-gfx-main-allocator-block-size=16777216"
    "memorysetup-gfx-thread-allocator-block-size=16777216"
    "memorysetup-cache-allocator-block-size=4194304"
    "memorysetup-typetree-allocator-block-size=2097152"
    "memorysetup-profiler-bucket-allocator-granularity=16"
    "memorysetup-profiler-bucket-allocator-bucket-count=8"
    "memorysetup-profiler-bucket-allocator-block-size=33554432"
    "memorysetup-profiler-bucket-allocator-block-count=8"
    "memorysetup-profiler-allocator-block-size=16777216"
    "memorysetup-profiler-editor-allocator-block-size=1048576"
    "memorysetup-temp-allocator-size-main=16777216"
    "memorysetup-job-temp-allocator-block-size=2097152"
    "memorysetup-job-temp-allocator-block-size-background=1048576"
    "memorysetup-job-temp-allocator-reduction-small-platforms=262144"
    "memorysetup-temp-allocator-size-background-worker=32768"
    "memorysetup-temp-allocator-size-job-worker=262144"
    "memorysetup-temp-allocator-size-preload-manager=33554432"
    "memorysetup-temp-allocator-size-nav-mesh-worker=65536"
    "memorysetup-temp-allocator-size-audio-worker=65536"
    "memorysetup-temp-allocator-size-cloud-worker=32768"
    "memorysetup-temp-allocator-size-gi-baking-worker=262144"
    "memorysetup-temp-allocator-size-gfx=262144"
Player connection [24224] Host "[IP] 192.168.1.247 [Port] 0 [Flags] 2 [Guid] 1962077925 [EditorId] 1962077925 [Version] 1048832 [Id] WindowsEditor(7,LPT232-INF) [Debug] 1 [PackageName] WindowsEditor [ProjectName] Editor" joined multi-casting on [225.0.0.222:54997]...

Player connection [24224] Host "[IP] 192.168.1.247 [Port] 0 [Flags] 2 [Guid] 1962077925 [EditorId] 1962077925 [Version] 1048832 [Id] WindowsEditor(7,LPT232-INF) [Debug] 1 [PackageName] WindowsEditor [ProjectName] Editor" joined alternative multi-casting on [225.0.0.222:34997]...

Refreshing native plugins compatible for Editor in 970.69 ms, found 3 plugins.
Preloading 0 native plugins for Editor in 0.00 ms.
Initialize engine version: 2021.3.25f1 (68ef2c4f8861)
[Subsystems] Discovering subsystems at path C:/Program Files/Unity/Hub/Editor/2021.3.25f1/Editor/Data/Resources/UnitySubsystems
[Subsystems] Discovering subsystems at path C:/Users/rcarvalho/Documents/GitHub/Nature-Warth/Nature-Warth/My project/Assets
GfxDevice: creating device client; threaded=0; jobified=0
Direct3D:
    Version:  Direct3D 11.0 [level 11.1]
    Renderer: Intel(R) Iris(R) Xe Graphics (ID=0x46a8)
    Vendor:   Intel
    VRAM:     7905 MB
    Driver:   31.0.101.4091
Initialize mono
Mono path[0] = 'C:/Program Files/Unity/Hub/Editor/2021.3.25f1/Editor/Data/Managed'
Mono path[1] = 'C:/Program Files/Unity/Hub/Editor/2021.3.25f1/Editor/Data/MonoBleedingEdge/lib/mono/unityjit-win32'
Mono config path = 'C:/Program Files/Unity/Hub/Editor/2021.3.25f1/Editor/Data/MonoBleedingEdge/etc'
Using monoOptions --debugger-agent=transport=dt_socket,embedding=1,server=y,suspend=n,address=127.0.0.1:56592
Begin MonoManager ReloadAssembly
Registering precompiled unity dll's ...
Register platform support module: C:/Program Files/Unity/Hub/Editor/2021.3.25f1/Editor/Data/PlaybackEngines/WindowsStandaloneSupport/UnityEditor.WindowsStandalone.Extensions.dll
Registered in 0.016237 seconds.
Native extension for WindowsStandalone target not found
Refreshing native plugins compatible for Editor in 162.93 ms, found 3 plugins.
Preloading 0 native plugins for Editor in 0.00 ms.
Mono: successfully reloaded assembly
- Completed reload, in  1.669 seconds
Domain Reload Profiling:
	ReloadAssembly (1671ms)
		BeginReloadAssembly (308ms)
			ExecutionOrderSort (0ms)
			DisableScriptedObjects (0ms)
			BackupInstance (0ms)
			ReleaseScriptingObjects (0ms)
			CreateAndSetChildDomain (1ms)
		EndReloadAssembly (1077ms)
			LoadAssemblies (307ms)
			RebuildTransferFunctionScriptingTraits (0ms)
			SetupTypeCache (245ms)
			ReleaseScriptCaches (0ms)
			RebuildScriptCaches (61ms)
			SetupLoadedEditorAssemblies (634ms)
				LogAssemblyErrors (0ms)
				InitializePlatformSupportModulesInManaged (16ms)
				SetLoadedEditorAssemblies (0ms)
				RefreshPlugins (163ms)
				BeforeProcessingInitializeOnLoad (2ms)
				ProcessInitializeOnLoadAttributes (329ms)
				ProcessInitializeOnLoadMethodAttributes (123ms)
				AfterProcessingInitializeOnLoad (0ms)
				EditorAssembliesLoaded (0ms)
			ExecutionOrderSort2 (0ms)
			AwakeInstancesAfterBackupRestoration (0ms)
Platform modules already initialized, skipping
Registering precompiled user dll's ...
Registered in 0.025395 seconds.
Begin MonoManager ReloadAssembly
Symbol file LoadedFromMemory doesn't match image C:\Users\rcarvalho\Documents\GitHub\Nature-Warth\Nature-Warth\My project\Library\PackageCache\com.unity.visualscripting@1.8.0\Editor\VisualScripting.Core\Dependencies\YamlDotNet\Unity.VisualScripting.YamlDotNet.dll
Symbol file LoadedFromMemory doesn't match image C:\Users\rcarvalho\Documents\GitHub\Nature-Warth\Nature-Warth\My project\Library\PackageCache\com.unity.visualscripting@1.8.0\Editor\VisualScripting.Core\Dependencies\DotNetZip\Unity.VisualScripting.IonicZip.dll
Native extension for WindowsStandalone target not found
Refreshing native plugins compatible for Editor in 1.09 ms, found 3 plugins.
Preloading 0 native plugins for Editor in 0.00 ms.
Mono: successfully reloaded assembly
- Completed reload, in  2.549 seconds
Domain Reload Profiling:
	ReloadAssembly (2551ms)
		BeginReloadAssembly (385ms)
			ExecutionOrderSort (0ms)
			DisableScriptedObjects (10ms)
			BackupInstance (0ms)
			ReleaseScriptingObjects (0ms)
			CreateAndSetChildDomain (39ms)
		EndReloadAssembly (1899ms)
			LoadAssemblies (382ms)
			RebuildTransferFunctionScriptingTraits (0ms)
			SetupTypeCache (525ms)
			ReleaseScriptCaches (1ms)
			RebuildScriptCaches (113ms)
			SetupLoadedEditorAssemblies (911ms)
				LogAssemblyErrors (0ms)
				InitializePlatformSupportModulesInManaged (17ms)
				SetLoadedEditorAssemblies (1ms)
				RefreshPlugins (2ms)
				BeforeProcessingInitializeOnLoad (210ms)
				ProcessInitializeOnLoadAttributes (614ms)
				ProcessInitializeOnLoadMethodAttributes (43ms)
				AfterProcessingInitializeOnLoad (24ms)
				EditorAssembliesLoaded (0ms)
			ExecutionOrderSort2 (0ms)
			AwakeInstancesAfterBackupRestoration (28ms)
Platform modules already initialized, skipping
========================================================================
Worker process is ready to serve import requests
Launched and connected shader compiler UnityShaderCompiler.exe after 0.32 seconds
Refreshing native plugins compatible for Editor in 0.87 ms, found 3 plugins.
Preloading 0 native plugins for Editor in 0.00 ms.
Unloading 3289 Unused Serialized files (Serialized files now loaded: 0)
Unloading 37 unused Assets / (185.4 KB). Loaded Objects now: 3769.
Memory consumption went from 131.0 MB to 130.8 MB.
Total: 5.953500 ms (FindLiveObjects: 0.578700 ms CreateObjectMapping: 0.199800 ms MarkObjects: 4.933500 ms  DeleteObjects: 0.238800 ms)

AssetImportParameters requested are different than current active one (requested -> active):
  custom:video-decoder-ogg-theora: a1e56fd34408186e4bbccfd4996cb3dc -> 
  custom:container-muxer-webm: aa71ff27fc2769a1b78a27578f13a17b -> 
  custom:container-demuxer-webm: 4f35f7cbe854078d1ac9338744f61a02 -> 
  custom:video-encoder-webm-vp8: eb34c28f22e8b96e1ab97ce403110664 -> 
  custom:video-codec-MediaFoundation-h265: 746d11721c4dcdbdad8f713fa42b33f4 -> 
  custom:audio-encoder-webm-vorbis: bf7c407c2cedff20999df2af8eb42d56 -> 
  custom:framework-win-MediaFoundation: 216162199b28c13a410421893ffa2e32 -> 
  custom:container-demuxer-ogg: 62fdf1f143b41e24485cea50d1cbac27 -> 
  custom:video-decoder-webm-vp8: 9c59270c3fd7afecdb556c50c9e8de78 -> 
  custom:audio-decoder-ogg-vorbis: bf7c407c2cedff20999df2af8eb42d56 -> 
========================================================================
Received Prepare
Registering precompiled user dll's ...
Registered in 0.046934 seconds.
Begin MonoManager ReloadAssembly
Symbol file LoadedFromMemory doesn't match image C:\Users\rcarvalho\Documents\GitHub\Nature-Warth\Nature-Warth\My project\Library\PackageCache\com.unity.visualscripting@1.8.0\Editor\VisualScripting.Core\Dependencies\YamlDotNet\Unity.VisualScripting.YamlDotNet.dll
Symbol file LoadedFromMemory doesn't match image C:\Users\rcarvalho\Documents\GitHub\Nature-Warth\Nature-Warth\My project\Library\PackageCache\com.unity.visualscripting@1.8.0\Editor\VisualScripting.Core\Dependencies\DotNetZip\Unity.VisualScripting.IonicZip.dll
Native extension for WindowsStandalone target not found
Refreshing native plugins compatible for Editor in 1.01 ms, found 3 plugins.
Preloading 0 native plugins for Editor in 0.00 ms.
Mono: successfully reloaded assembly
- Completed reload, in  4.583 seconds
Domain Reload Profiling:
	ReloadAssembly (4586ms)
		BeginReloadAssembly (1556ms)
			ExecutionOrderSort (0ms)
			DisableScriptedObjects (34ms)
			BackupInstance (0ms)
			ReleaseScriptingObjects (0ms)
			CreateAndSetChildDomain (532ms)
		EndReloadAssembly (2568ms)
			LoadAssemblies (991ms)
			RebuildTransferFunctionScriptingTraits (0ms)
			SetupTypeCache (953ms)
			ReleaseScriptCaches (3ms)
			RebuildScriptCaches (123ms)
			SetupLoadedEditorAssemblies (876ms)
				LogAssemblyErrors (0ms)
				InitializePlatformSupportModulesInManaged (18ms)
				SetLoadedEditorAssemblies (1ms)
				RefreshPlugins (2ms)
				BeforeProcessingInitializeOnLoad (227ms)
				ProcessInitializeOnLoadAttributes (541ms)
				ProcessInitializeOnLoadMethodAttributes (50ms)
				AfterProcessingInitializeOnLoad (37ms)
				EditorAssembliesLoaded (1ms)
			ExecutionOrderSort2 (0ms)
			AwakeInstancesAfterBackupRestoration (32ms)
Platform modules already initialized, skipping
Refreshing native plugins compatible for Editor in 16.11 ms, found 3 plugins.
Preloading 0 native plugins for Editor in 0.00 ms.
Unloading 3270 Unused Serialized files (Serialized files now loaded: 0)
Unloading 18 unused Assets / (152.6 KB). Loaded Objects now: 3784.
Memory consumption went from 129.4 MB to 129.3 MB.
Total: 9.792700 ms (FindLiveObjects: 0.759000 ms CreateObjectMapping: 0.379400 ms MarkObjects: 8.273400 ms  DeleteObjects: 0.377100 ms)

AssetImportParameters requested are different than current active one (requested -> active):
  custom:video-decoder-ogg-theora: a1e56fd34408186e4bbccfd4996cb3dc -> 
  custom:container-muxer-webm: aa71ff27fc2769a1b78a27578f13a17b -> 
  custom:container-demuxer-webm: 4f35f7cbe854078d1ac9338744f61a02 -> 
  custom:video-encoder-webm-vp8: eb34c28f22e8b96e1ab97ce403110664 -> 
  custom:video-codec-MediaFoundation-h265: 746d11721c4dcdbdad8f713fa42b33f4 -> 
  custom:audio-encoder-webm-vorbis: bf7c407c2cedff20999df2af8eb42d56 -> 
  custom:framework-win-MediaFoundation: 216162199b28c13a410421893ffa2e32 -> 
  custom:container-demuxer-ogg: 62fdf1f143b41e24485cea50d1cbac27 -> 
  custom:video-decoder-webm-vp8: 9c59270c3fd7afecdb556c50c9e8de78 -> 
  custom:audio-decoder-ogg-vorbis: bf7c407c2cedff20999df2af8eb42d56 -> 
========================================================================
Received Prepare
Registering precompiled user dll's ...
Registered in 0.040859 seconds.
Begin MonoManager ReloadAssembly
Symbol file LoadedFromMemory doesn't match image C:\Users\rcarvalho\Documents\GitHub\Nature-Warth\Nature-Warth\My project\Library\PackageCache\com.unity.visualscripting@1.8.0\Editor\VisualScripting.Core\Dependencies\YamlDotNet\Unity.VisualScripting.YamlDotNet.dll
Symbol file LoadedFromMemory doesn't match image C:\Users\rcarvalho\Documents\GitHub\Nature-Warth\Nature-Warth\My project\Library\PackageCache\com.unity.visualscripting@1.8.0\Editor\VisualScripting.Core\Dependencies\DotNetZip\Unity.VisualScripting.IonicZip.dll
Native extension for WindowsStandalone target not found
Refreshing native plugins compatible for Editor in 9.58 ms, found 3 plugins.
Preloading 0 native plugins for Editor in 0.00 ms.
Mono: successfully reloaded assembly
- Completed reload, in  6.989 seconds
Domain Reload Profiling:
	ReloadAssembly (6992ms)
		BeginReloadAssembly (1577ms)
			ExecutionOrderSort (0ms)
			DisableScriptedObjects (26ms)
			BackupInstance (0ms)
			ReleaseScriptingObjects (1ms)
			CreateAndSetChildDomain (265ms)
		EndReloadAssembly (4647ms)
			LoadAssemblies (1423ms)
			RebuildTransferFunctionScriptingTraits (0ms)
			SetupTypeCache (1577ms)
			ReleaseScriptCaches (5ms)
			RebuildScriptCaches (301ms)
			SetupLoadedEditorAssemblies (1783ms)
				LogAssemblyErrors (0ms)
				InitializePlatformSupportModulesInManaged (181ms)
				SetLoadedEditorAssemblies (28ms)
				RefreshPlugins (12ms)
				BeforeProcessingInitializeOnLoad (424ms)
				ProcessInitializeOnLoadAttributes (1018ms)
				ProcessInitializeOnLoadMethodAttributes (64ms)
				AfterProcessingInitializeOnLoad (56ms)
				EditorAssembliesLoaded (0ms)
			ExecutionOrderSort2 (0ms)
			AwakeInstancesAfterBackupRestoration (63ms)
Platform modules already initialized, skipping
Refreshing native plugins compatible for Editor in 7.06 ms, found 3 plugins.
Preloading 0 native plugins for Editor in 0.00 ms.
Unloading 3270 Unused Serialized files (Serialized files now loaded: 0)
Unloading 18 unused Assets / (152.5 KB). Loaded Objects now: 3799.
Memory consumption went from 129.5 MB to 129.3 MB.
Total: 7.800100 ms (FindLiveObjects: 0.512900 ms CreateObjectMapping: 0.241800 ms MarkObjects: 6.765700 ms  DeleteObjects: 0.274800 ms)

AssetImportParameters requested are different than current active one (requested -> active):
  custom:video-decoder-ogg-theora: a1e56fd34408186e4bbccfd4996cb3dc -> 
  custom:container-muxer-webm: aa71ff27fc2769a1b78a27578f13a17b -> 
  custom:container-demuxer-webm: 4f35f7cbe854078d1ac9338744f61a02 -> 
  custom:video-encoder-webm-vp8: eb34c28f22e8b96e1ab97ce403110664 -> 
  custom:video-codec-MediaFoundation-h265: 746d11721c4dcdbdad8f713fa42b33f4 -> 
  custom:audio-encoder-webm-vorbis: bf7c407c2cedff20999df2af8eb42d56 -> 
  custom:framework-win-MediaFoundation: 216162199b28c13a410421893ffa2e32 -> 
  custom:container-demuxer-ogg: 62fdf1f143b41e24485cea50d1cbac27 -> 
  custom:video-decoder-webm-vp8: 9c59270c3fd7afecdb556c50c9e8de78 -> 
  custom:audio-decoder-ogg-vorbis: bf7c407c2cedff20999df2af8eb42d56 -> 
========================================================================
Received Prepare
Registering precompiled user dll's ...
Registered in 0.040458 seconds.
Begin MonoManager ReloadAssembly
Symbol file LoadedFromMemory doesn't match image C:\Users\rcarvalho\Documents\GitHub\Nature-Warth\Nature-Warth\My project\Library\PackageCache\com.unity.visualscripting@1.8.0\Editor\VisualScripting.Core\Dependencies\YamlDotNet\Unity.VisualScripting.YamlDotNet.dll
Symbol file LoadedFromMemory doesn't match image C:\Users\rcarvalho\Documents\GitHub\Nature-Warth\Nature-Warth\My project\Library\PackageCache\com.unity.visualscripting@1.8.0\Editor\VisualScripting.Core\Dependencies\DotNetZip\Unity.VisualScripting.IonicZip.dll
Native extension for WindowsStandalone target not found
Refreshing native plugins compatible for Editor in 2.77 ms, found 3 plugins.
Preloading 0 native plugins for Editor in 0.00 ms.
Mono: successfully reloaded assembly
- Completed reload, in  5.201 seconds
Domain Reload Profiling:
	ReloadAssembly (5205ms)
		BeginReloadAssembly (1799ms)
			ExecutionOrderSort (0ms)
			DisableScriptedObjects (44ms)
			BackupInstance (0ms)
			ReleaseScriptingObjects (0ms)
			CreateAndSetChildDomain (815ms)
		EndReloadAssembly (3012ms)
			LoadAssemblies (955ms)
			RebuildTransferFunctionScriptingTraits (0ms)
			SetupTypeCache (1139ms)
			ReleaseScriptCaches (2ms)
			RebuildScriptCaches (166ms)
			SetupLoadedEditorAssemblies (939ms)
				LogAssemblyErrors (0ms)
				InitializePlatformSupportModulesInManaged (29ms)
				SetLoadedEditorAssemblies (2ms)
				RefreshPlugins (5ms)
				BeforeProcessingInitializeOnLoad (230ms)
				ProcessInitializeOnLoadAttributes (574ms)
				ProcessInitializeOnLoadMethodAttributes (56ms)
				AfterProcessingInitializeOnLoad (40ms)
				EditorAssembliesLoaded (1ms)
			ExecutionOrderSort2 (0ms)
			AwakeInstancesAfterBackupRestoration (45ms)
Platform modules already initialized, skipping
Refreshing native plugins compatible for Editor in 5.56 ms, found 3 plugins.
Preloading 0 native plugins for Editor in 0.00 ms.
Unloading 3270 Unused Serialized files (Serialized files now loaded: 0)
Unloading 18 unused Assets / (152.4 KB). Loaded Objects now: 3814.
Memory consumption went from 129.4 MB to 129.2 MB.
Total: 6.126900 ms (FindLiveObjects: 0.697300 ms CreateObjectMapping: 0.205800 ms MarkObjects: 4.994800 ms  DeleteObjects: 0.223900 ms)

AssetImportParameters requested are different than current active one (requested -> active):
  custom:video-decoder-ogg-theora: a1e56fd34408186e4bbccfd4996cb3dc -> 
  custom:container-muxer-webm: aa71ff27fc2769a1b78a27578f13a17b -> 
  custom:container-demuxer-webm: 4f35f7cbe854078d1ac9338744f61a02 -> 
  custom:video-encoder-webm-vp8: eb34c28f22e8b96e1ab97ce403110664 -> 
  custom:video-codec-MediaFoundation-h265: 746d11721c4dcdbdad8f713fa42b33f4 -> 
  custom:audio-encoder-webm-vorbis: bf7c407c2cedff20999df2af8eb42d56 -> 
  custom:framework-win-MediaFoundation: 216162199b28c13a410421893ffa2e32 -> 
  custom:container-demuxer-ogg: 62fdf1f143b41e24485cea50d1cbac27 -> 
  custom:video-decoder-webm-vp8: 9c59270c3fd7afecdb556c50c9e8de78 -> 
  custom:audio-decoder-ogg-vorbis: bf7c407c2cedff20999df2af8eb42d56 -> 
========================================================================
Received Prepare
Registering precompiled user dll's ...
Registered in 0.036483 seconds.
Begin MonoManager ReloadAssembly
Symbol file LoadedFromMemory doesn't match image C:\Users\rcarvalho\Documents\GitHub\Nature-Warth\Nature-Warth\My project\Library\PackageCache\com.unity.visualscripting@1.8.0\Editor\VisualScripting.Core\Dependencies\YamlDotNet\Unity.VisualScripting.YamlDotNet.dll
Symbol file LoadedFromMemory doesn't match image C:\Users\rcarvalho\Documents\GitHub\Nature-Warth\Nature-Warth\My project\Library\PackageCache\com.unity.visualscripting@1.8.0\Editor\VisualScripting.Core\Dependencies\DotNetZip\Unity.VisualScripting.IonicZip.dll
Native extension for WindowsStandalone target not found
Refreshing native plugins compatible for Editor in 1.10 ms, found 3 plugins.
Preloading 0 native plugins for Editor in 0.00 ms.
Mono: successfully reloaded assembly
- Completed reload, in  4.381 seconds
Domain Reload Profiling:
	ReloadAssembly (4385ms)
		BeginReloadAssembly (1068ms)
			ExecutionOrderSort (0ms)
			DisableScriptedObjects (19ms)
			BackupInstance (0ms)
			ReleaseScriptingObjects (0ms)
			CreateAndSetChildDomain (103ms)
		EndReloadAssembly (2918ms)
			LoadAssemblies (965ms)
			RebuildTransferFunctionScriptingTraits (0ms)
			SetupTypeCache (819ms)
			ReleaseScriptCaches (4ms)
			RebuildScriptCaches (195ms)
			SetupLoadedEditorAssemblies (1335ms)
				LogAssemblyErrors (0ms)
				InitializePlatformSupportModulesInManaged (17ms)
				SetLoadedEditorAssemblies (1ms)
				RefreshPlugins (2ms)
				BeforeProcessingInitializeOnLoad (229ms)
				ProcessInitializeOnLoadAttributes (917ms)
				ProcessInitializeOnLoadMethodAttributes (79ms)
				AfterProcessingInitializeOnLoad (90ms)
				EditorAssembliesLoaded (1ms)
			ExecutionOrderSort2 (0ms)
			AwakeInstancesAfterBackupRestoration (78ms)
Platform modules already initialized, skipping
Refreshing native plugins compatible for Editor in 5.33 ms, found 3 plugins.
Preloading 0 native plugins for Editor in 0.00 ms.
Unloading 3270 Unused Serialized files (Serialized files now loaded: 0)
Unloading 18 unused Assets / (152.7 KB). Loaded Objects now: 3829.
Memory consumption went from 129.4 MB to 129.3 MB.
Total: 5.940200 ms (FindLiveObjects: 0.600900 ms CreateObjectMapping: 0.152600 ms MarkObjects: 4.676000 ms  DeleteObjects: 0.507400 ms)

AssetImportParameters requested are different than current active one (requested -> active):
  custom:video-decoder-ogg-theora: a1e56fd34408186e4bbccfd4996cb3dc -> 
  custom:container-muxer-webm: aa71ff27fc2769a1b78a27578f13a17b -> 
  custom:container-demuxer-webm: 4f35f7cbe854078d1ac9338744f61a02 -> 
  custom:video-encoder-webm-vp8: eb34c28f22e8b96e1ab97ce403110664 -> 
  custom:video-codec-MediaFoundation-h265: 746d11721c4dcdbdad8f713fa42b33f4 -> 
  custom:audio-encoder-webm-vorbis: bf7c407c2cedff20999df2af8eb42d56 -> 
  custom:framework-win-MediaFoundation: 216162199b28c13a410421893ffa2e32 -> 
  custom:container-demuxer-ogg: 62fdf1f143b41e24485cea50d1cbac27 -> 
  custom:video-decoder-webm-vp8: 9c59270c3fd7afecdb556c50c9e8de78 -> 
  custom:audio-decoder-ogg-vorbis: bf7c407c2cedff20999df2af8eb42d56 -> 
========================================================================
Received Prepare
Registering precompiled user dll's ...
Registered in 0.068905 seconds.
Begin MonoManager ReloadAssembly
Symbol file LoadedFromMemory doesn't match image C:\Users\rcarvalho\Documents\GitHub\Nature-Warth\Nature-Warth\My project\Library\PackageCache\com.unity.visualscripting@1.8.0\Editor\VisualScripting.Core\Dependencies\YamlDotNet\Unity.VisualScripting.YamlDotNet.dll
Symbol file LoadedFromMemory doesn't match image C:\Users\rcarvalho\Documents\GitHub\Nature-Warth\Nature-Warth\My project\Library\PackageCache\com.unity.visualscripting@1.8.0\Editor\VisualScripting.Core\Dependencies\DotNetZip\Unity.VisualScripting.IonicZip.dll
Native extension for WindowsStandalone target not found
Refreshing native plugins compatible for Editor in 3.40 ms, found 3 plugins.
Preloading 0 native plugins for Editor in 0.00 ms.
Mono: successfully reloaded assembly
- Completed reload, in 20.266 seconds
Domain Reload Profiling:
	ReloadAssembly (20304ms)
		BeginReloadAssembly (6675ms)
			ExecutionOrderSort (0ms)
			DisableScriptedObjects (1980ms)
			BackupInstance (0ms)
			ReleaseScriptingObjects (0ms)
			CreateAndSetChildDomain (1271ms)
		EndReloadAssembly (11313ms)
			LoadAssemblies (2903ms)
			RebuildTransferFunctionScriptingTraits (0ms)
			SetupTypeCache (6880ms)
			ReleaseScriptCaches (6ms)
			RebuildScriptCaches (370ms)
			SetupLoadedEditorAssemblies (2693ms)
				LogAssemblyErrors (0ms)
				InitializePlatformSupportModulesInManaged (52ms)
				SetLoadedEditorAssemblies (5ms)
				RefreshPlugins (4ms)
				BeforeProcessingInitializeOnLoad (572ms)
				ProcessInitializeOnLoadAttributes (1900ms)
				ProcessInitializeOnLoadMethodAttributes (89ms)
				AfterProcessingInitializeOnLoad (69ms)
				EditorAssembliesLoaded (1ms)
			ExecutionOrderSort2 (0ms)
			AwakeInstancesAfterBackupRestoration (65ms)
Platform modules already initialized, skipping
Refreshing native plugins compatible for Editor in 14.86 ms, found 3 plugins.
Preloading 0 native plugins for Editor in 0.00 ms.
Unloading 3270 Unused Serialized files (Serialized files now loaded: 0)
Unloading 18 unused Assets / (152.6 KB). Loaded Objects now: 3844.
Memory consumption went from 129.4 MB to 129.3 MB.
Total: 13.401500 ms (FindLiveObjects: 0.742600 ms CreateObjectMapping: 0.906800 ms MarkObjects: 11.275200 ms  DeleteObjects: 0.471300 ms)

AssetImportParameters requested are different than current active one (requested -> active):
  custom:video-decoder-ogg-theora: a1e56fd34408186e4bbccfd4996cb3dc -> 
  custom:container-muxer-webm: aa71ff27fc2769a1b78a27578f13a17b -> 
  custom:container-demuxer-webm: 4f35f7cbe854078d1ac9338744f61a02 -> 
  custom:video-encoder-webm-vp8: eb34c28f22e8b96e1ab97ce403110664 -> 
  custom:video-codec-MediaFoundation-h265: 746d11721c4dcdbdad8f713fa42b33f4 -> 
  custom:audio-encoder-webm-vorbis: bf7c407c2cedff20999df2af8eb42d56 -> 
  custom:framework-win-MediaFoundation: 216162199b28c13a410421893ffa2e32 -> 
  custom:container-demuxer-ogg: 62fdf1f143b41e24485cea50d1cbac27 -> 
  custom:video-decoder-webm-vp8: 9c59270c3fd7afecdb556c50c9e8de78 -> 
  custom:audio-decoder-ogg-vorbis: bf7c407c2cedff20999df2af8eb42d56 -> 
========================================================================
Received Import Request.
  Time since last request: 21413.211014 seconds.
  path: Assets/Audio/Boss_normal.png
  artifactKey: Guid(4c3a74242b19fb947abbdd747cccf778) Importer(815301076,1909f56bfc062723c751e8b465ee728b)
Start importing Assets/Audio/Boss_normal.png using Guid(4c3a74242b19fb947abbdd747cccf778) Importer(815301076,1909f56bfc062723c751e8b465ee728b)  -> (artifact id: 'ee8bc870ef105ac465d7b2699562ccf3') in 0.203631 seconds 
========================================================================
Received Prepare
Registering precompiled user dll's ...
Registered in 0.311017 seconds.
Begin MonoManager ReloadAssembly
Symbol file LoadedFromMemory doesn't match image C:\Users\rcarvalho\Documents\GitHub\Nature-Warth\Nature-Warth\My project\Library\PackageCache\com.unity.visualscripting@1.8.0\Editor\VisualScripting.Core\Dependencies\YamlDotNet\Unity.VisualScripting.YamlDotNet.dll
Symbol file LoadedFromMemory doesn't match image C:\Users\rcarvalho\Documents\GitHub\Nature-Warth\Nature-Warth\My project\Library\PackageCache\com.unity.visualscripting@1.8.0\Editor\VisualScripting.Core\Dependencies\DotNetZip\Unity.VisualScripting.IonicZip.dll
Native extension for WindowsStandalone target not found
Refreshing native plugins compatible for Editor in 1.08 ms, found 3 plugins.
Preloading 0 native plugins for Editor in 0.00 ms.
Mono: successfully reloaded assembly
- Completed reload, in  4.957 seconds
Domain Reload Profiling:
	ReloadAssembly (4962ms)
		BeginReloadAssembly (1767ms)
			ExecutionOrderSort (0ms)
			DisableScriptedObjects (37ms)
			BackupInstance (0ms)
			ReleaseScriptingObjects (12ms)
			CreateAndSetChildDomain (224ms)
		EndReloadAssembly (2752ms)
			LoadAssemblies (1266ms)
			RebuildTransferFunctionScriptingTraits (0ms)
			SetupTypeCache (710ms)
			ReleaseScriptCaches (3ms)
			RebuildScriptCaches (131ms)
			SetupLoadedEditorAssemblies (1415ms)
				LogAssemblyErrors (0ms)
				InitializePlatformSupportModulesInManaged (19ms)
				SetLoadedEditorAssemblies (1ms)
				RefreshPlugins (2ms)
				BeforeProcessingInitializeOnLoad (335ms)
				ProcessInitializeOnLoadAttributes (948ms)
				ProcessInitializeOnLoadMethodAttributes (72ms)
				AfterProcessingInitializeOnLoad (38ms)
				EditorAssembliesLoaded (1ms)
			ExecutionOrderSort2 (0ms)
			AwakeInstancesAfterBackupRestoration (50ms)
Platform modules already initialized, skipping
Refreshing native plugins compatible for Editor in 16.31 ms, found 3 plugins.
Preloading 0 native plugins for Editor in 0.00 ms.
Unloading 3270 Unused Serialized files (Serialized files now loaded: 0)
Unloading 18 unused Assets / (152.7 KB). Loaded Objects now: 3862.
Memory consumption went from 129.5 MB to 129.3 MB.
Total: 17.675900 ms (FindLiveObjects: 0.724600 ms CreateObjectMapping: 0.395400 ms MarkObjects: 15.888200 ms  DeleteObjects: 0.662000 ms)

AssetImportParameters requested are different than current active one (requested -> active):
  custom:video-decoder-ogg-theora: a1e56fd34408186e4bbccfd4996cb3dc -> 
  custom:container-muxer-webm: aa71ff27fc2769a1b78a27578f13a17b -> 
  custom:container-demuxer-webm: 4f35f7cbe854078d1ac9338744f61a02 -> 
  custom:video-encoder-webm-vp8: eb34c28f22e8b96e1ab97ce403110664 -> 
  custom:video-codec-MediaFoundation-h265: 746d11721c4dcdbdad8f713fa42b33f4 -> 
  custom:audio-encoder-webm-vorbis: bf7c407c2cedff20999df2af8eb42d56 -> 
  custom:framework-win-MediaFoundation: 216162199b28c13a410421893ffa2e32 -> 
  custom:container-demuxer-ogg: 62fdf1f143b41e24485cea50d1cbac27 -> 
  custom:video-decoder-webm-vp8: 9c59270c3fd7afecdb556c50c9e8de78 -> 
  custom:audio-decoder-ogg-vorbis: bf7c407c2cedff20999df2af8eb42d56 -> 
========================================================================
Received Import Request.
  Time since last request: 809.573492 seconds.
  path: Assets/Boss/Cigar_Mat.mat
  artifactKey: Guid(2bd0668f8ad64b945a1b92e4c25dd708) Importer(815301076,1909f56bfc062723c751e8b465ee728b)
Start importing Assets/Boss/Cigar_Mat.mat using Guid(2bd0668f8ad64b945a1b92e4c25dd708) Importer(815301076,1909f56bfc062723c751e8b465ee728b)  -> (artifact id: 'e15264dd51f8ae2fdffcd2491b4fdb3e') in 0.254175 seconds 
========================================================================
Received Import Request.
  Time since last request: 0.000095 seconds.
  path: Assets/Boss/Clothes_MAT.mat
  artifactKey: Guid(84247150fa9cf264ca8d349b6298bbd7) Importer(815301076,1909f56bfc062723c751e8b465ee728b)
Start importing Assets/Boss/Clothes_MAT.mat using Guid(84247150fa9cf264ca8d349b6298bbd7) Importer(815301076,1909f56bfc062723c751e8b465ee728b)  -> (artifact id: '93864963797ea4b0b1c2198d6d7fde6d') in 0.040294 seconds 
========================================================================
Received Import Request.
  Time since last request: 0.000101 seconds.
  path: Assets/Boss/The Boss@Run (3).fbx
  artifactKey: Guid(fd0e57fd4ced7c24abd70da05853184c) Importer(815301076,1909f56bfc062723c751e8b465ee728b)
Start importing Assets/Boss/The Boss@Run (3).fbx using Guid(fd0e57fd4ced7c24abd70da05853184c) Importer(815301076,1909f56bfc062723c751e8b465ee728b)  -> (artifact id: '2d73fbfb72715959c25adb1bef7fe614') in 0.054794 seconds 
========================================================================
Received Import Request.
  Time since last request: 0.000051 seconds.
  path: Assets/Boss/Skin_MAT.mat
  artifactKey: Guid(29e672dedbf15f7468ef06657d292a63) Importer(815301076,1909f56bfc062723c751e8b465ee728b)
Start importing Assets/Boss/Skin_MAT.mat using Guid(29e672dedbf15f7468ef06657d292a63) Importer(815301076,1909f56bfc062723c751e8b465ee728b)  -> (artifact id: 'dcad6e1c843a4d4042c08550b3ba1ea8') in 0.058278 seconds 
========================================================================
Received Import Request.
  Time since last request: 83.739486 seconds.
  path: Assets/Boss/Boss_diffuse 1.png
  artifactKey: Guid(cc3a6550e96afa7448d8d4e02066e030) Importer(815301076,1909f56bfc062723c751e8b465ee728b)
Start importing Assets/Boss/Boss_diffuse 1.png using Guid(cc3a6550e96afa7448d8d4e02066e030) Importer(815301076,1909f56bfc062723c751e8b465ee728b)  -> (artifact id: '3d053e2cb39d6566cf2307bc6e16e6fd') in 0.081023 seconds 
========================================================================
Received Import Request.
  Time since last request: 0.000075 seconds.
  path: Assets/Boss/Boss_specular 1.png
  artifactKey: Guid(8cd9cf50a5287994db872eb0793ad162) Importer(815301076,1909f56bfc062723c751e8b465ee728b)
Start importing Assets/Boss/Boss_specular 1.png using Guid(8cd9cf50a5287994db872eb0793ad162) Importer(815301076,1909f56bfc062723c751e8b465ee728b)  -> (artifact id: 'b09f8500938ee3356ffbdfbcafe8e5af') in 0.046918 seconds 
========================================================================
Received Import Request.
  Time since last request: 0.000085 seconds.
  path: Assets/Boss/Boss_normal 1.png
  artifactKey: Guid(5593ec1c15d5887449d67278b379c1e9) Importer(815301076,1909f56bfc062723c751e8b465ee728b)
Start importing Assets/Boss/Boss_normal 1.png using Guid(5593ec1c15d5887449d67278b379c1e9) Importer(815301076,1909f56bfc062723c751e8b465ee728b)  -> (artifact id: '2c9529f7d765ff87b8d1620b3d5bd1c8') in 0.068662 seconds 
========================================================================
Received Import Request.
  Time since last request: 17.842477 seconds.
  path: Assets/Boss/Cigar_Mat 1.mat
  artifactKey: Guid(fe82bb1cb2bc56a4b92957c40ff5f9d7) Importer(815301076,1909f56bfc062723c751e8b465ee728b)
Start importing Assets/Boss/Cigar_Mat 1.mat using Guid(fe82bb1cb2bc56a4b92957c40ff5f9d7) Importer(815301076,1909f56bfc062723c751e8b465ee728b)  -> (artifact id: '68cac4738eed8729243b430983696f6b') in 0.074489 seconds 
========================================================================
Received Import Request.
  Time since last request: 0.101057 seconds.
  path: Assets/Boss/Clothes_MAT 1.mat
  artifactKey: Guid(be885939c303a894ab180a95c68e784b) Importer(815301076,1909f56bfc062723c751e8b465ee728b)
Start importing Assets/Boss/Clothes_MAT 1.mat using Guid(be885939c303a894ab180a95c68e784b) Importer(815301076,1909f56bfc062723c751e8b465ee728b)  -> (artifact id: '9f82ee753ee8f788050428f2d1c768d5') in 0.310160 seconds 
========================================================================
Received Import Request.
  Time since last request: 0.000142 seconds.
  path: Assets/Boss/Eyes_MAT 1.mat
  artifactKey: Guid(3cee19dc27c273448ad6d73b6f4152b2) Importer(815301076,1909f56bfc062723c751e8b465ee728b)
Start importing Assets/Boss/Eyes_MAT 1.mat using Guid(3cee19dc27c273448ad6d73b6f4152b2) Importer(815301076,1909f56bfc062723c751e8b465ee728b)  -> (artifact id: '60ae403d8dfd4d16c8c90e6251a58a5a') in 0.140680 seconds 
========================================================================
Received Import Request.
  Time since last request: 8.821508 seconds.
  path: Assets/Boss/Clothes_MAT 1.mat
  artifactKey: Guid(be885939c303a894ab180a95c68e784b) Importer(815301076,1909f56bfc062723c751e8b465ee728b)
Start importing Assets/Boss/Clothes_MAT 1.mat using Guid(be885939c303a894ab180a95c68e784b) Importer(815301076,1909f56bfc062723c751e8b465ee728b)  -> (artifact id: '0bb9943a6a0371eede557006d8d2a95f') in 0.290264 seconds 
========================================================================
Received Import Request.
  Time since last request: 0.000100 seconds.
  path: Assets/Boss/Eyes_MAT 1.mat
  artifactKey: Guid(3cee19dc27c273448ad6d73b6f4152b2) Importer(815301076,1909f56bfc062723c751e8b465ee728b)
Start importing Assets/Boss/Eyes_MAT 1.mat using Guid(3cee19dc27c273448ad6d73b6f4152b2) Importer(815301076,1909f56bfc062723c751e8b465ee728b)  -> (artifact id: 'c3f01b9ae71474ebe5548af0c28e0016') in 0.152828 seconds 
========================================================================
Received Import Request.
  Time since last request: 0.000096 seconds.
  path: Assets/Boss/Skin_MAT 1.mat
  artifactKey: Guid(b48a6f31951225c4cb8169240015dc75) Importer(815301076,1909f56bfc062723c751e8b465ee728b)
Start importing Assets/Boss/Skin_MAT 1.mat using Guid(b48a6f31951225c4cb8169240015dc75) Importer(815301076,1909f56bfc062723c751e8b465ee728b)  -> (artifact id: '79afc05203d284388bba6ad854124a60') in 0.177953 seconds 
========================================================================
Received Import Request.
  Time since last request: 2.555395 seconds.
  path: Assets/Boss/Clothes_MAT 1.mat
  artifactKey: Guid(be885939c303a894ab180a95c68e784b) Importer(815301076,1909f56bfc062723c751e8b465ee728b)
Start importing Assets/Boss/Clothes_MAT 1.mat using Guid(be885939c303a894ab180a95c68e784b) Importer(815301076,1909f56bfc062723c751e8b465ee728b)  -> (artifact id: '117b84ee97fd01cd6ac819c24bed3376') in 0.319777 seconds 
========================================================================
Received Import Request.
  Time since last request: 0.000241 seconds.
  path: Assets/Boss/The Boss.fbx
  artifactKey: Guid(929f36e8789a4ed429c5ad500884e373) Importer(815301076,1909f56bfc062723c751e8b465ee728b)
Start importing Assets/Boss/The Boss.fbx using Guid(929f36e8789a4ed429c5ad500884e373) Importer(815301076,1909f56bfc062723c751e8b465ee728b)  -> (artifact id: '359da7854bec4562ab83766ccb8e4a2d') in 0.911760 seconds 
========================================================================
Received Import Request.
  Time since last request: 8.512611 seconds.
  path: Assets/Boss/Clothes_MAT.mat
  artifactKey: Guid(84247150fa9cf264ca8d349b6298bbd7) Importer(815301076,1909f56bfc062723c751e8b465ee728b)
Start importing Assets/Boss/Clothes_MAT.mat using Guid(84247150fa9cf264ca8d349b6298bbd7) Importer(815301076,1909f56bfc062723c751e8b465ee728b)  -> (artifact id: '32ef60f0419e65ba1f4639e2eb94356c') in 0.161983 seconds 
========================================================================
Received Import Request.
  Time since last request: 2.325701 seconds.
  path: Assets/Boss/Clothes_MAT.mat
  artifactKey: Guid(84247150fa9cf264ca8d349b6298bbd7) Importer(815301076,1909f56bfc062723c751e8b465ee728b)
Start importing Assets/Boss/Clothes_MAT.mat using Guid(84247150fa9cf264ca8d349b6298bbd7) Importer(815301076,1909f56bfc062723c751e8b465ee728b)  -> (artifact id: 'ccf94242925890f1daf86a850bfa3907') in 0.108709 seconds 
========================================================================
Received Import Request.
  Time since last request: 18.678611 seconds.
  path: Assets/Boss/Boss_diffuse.png
  artifactKey: Guid(775dd85c275b4284db5af9508f609112) Importer(815301076,1909f56bfc062723c751e8b465ee728b)
Start importing Assets/Boss/Boss_diffuse.png using Guid(775dd85c275b4284db5af9508f609112) Importer(815301076,1909f56bfc062723c751e8b465ee728b)  -> (artifact id: '44312aa6d85b8d5d377245b886b9749a') in 0.036405 seconds 
========================================================================
Received Import Request.
  Time since last request: 0.000178 seconds.
  path: Assets/Boss/Boss_specular.png
  artifactKey: Guid(3a5f10a9ed611e544902b09af2dc7864) Importer(815301076,1909f56bfc062723c751e8b465ee728b)
Start importing Assets/Boss/Boss_specular.png using Guid(3a5f10a9ed611e544902b09af2dc7864) Importer(815301076,1909f56bfc062723c751e8b465ee728b)  -> (artifact id: '1e77a9fd3e723e7310fbe5e79f94cb02') in 0.042417 seconds 
========================================================================
Received Import Request.
  Time since last request: 5.682615 seconds.
  path: Assets/Boss/Cigar_Mat.mat
  artifactKey: Guid(2bd0668f8ad64b945a1b92e4c25dd708) Importer(815301076,1909f56bfc062723c751e8b465ee728b)
Start importing Assets/Boss/Cigar_Mat.mat using Guid(2bd0668f8ad64b945a1b92e4c25dd708) Importer(815301076,1909f56bfc062723c751e8b465ee728b)  -> (artifact id: '68e2449d110f2961080d71065f175d5f') in 0.033018 seconds 
========================================================================
Received Import Request.
  Time since last request: 0.000046 seconds.
  path: Assets/Boss/Eyes_MAT.mat
  artifactKey: Guid(35bcf92401cb1424780ad458cde7461d) Importer(815301076,1909f56bfc062723c751e8b465ee728b)
Start importing Assets/Boss/Eyes_MAT.mat using Guid(35bcf92401cb1424780ad458cde7461d) Importer(815301076,1909f56bfc062723c751e8b465ee728b)  -> (artifact id: '2663580d028491fb455ea53d5c1967ce') in 0.034448 seconds 
========================================================================
Received Import Request.
  Time since last request: 3.808816 seconds.
  path: Assets/Boss/Cigar_Mat.mat
  artifactKey: Guid(2bd0668f8ad64b945a1b92e4c25dd708) Importer(815301076,1909f56bfc062723c751e8b465ee728b)
Start importing Assets/Boss/Cigar_Mat.mat using Guid(2bd0668f8ad64b945a1b92e4c25dd708) Importer(815301076,1909f56bfc062723c751e8b465ee728b)  -> (artifact id: '5a302791115c1677d5f29a74b92f7634') in 0.064539 seconds 
========================================================================
Received Import Request.
  Time since last request: 0.000068 seconds.
  path: Assets/Boss/Eyes_MAT.mat
  artifactKey: Guid(35bcf92401cb1424780ad458cde7461d) Importer(815301076,1909f56bfc062723c751e8b465ee728b)
Start importing Assets/Boss/Eyes_MAT.mat using Guid(35bcf92401cb1424780ad458cde7461d) Importer(815301076,1909f56bfc062723c751e8b465ee728b)  -> (artifact id: '0db4c4cfb8f329a6f7df96244b4d96ab') in 0.053901 seconds 
Editor requested this worker to shutdown with reason: Scaling down because of idle timeout
AssetImportWorkerClient::OnTransportError - code=2 error=End of file
AssetImportWorker is now disconnected from the server
Process exiting
Exiting without the bug reporter. Application will terminate with return code 0