Using pre-set license
Built from '2021.3/staging' branch; Version is '2021.3.25f1 (68ef2c4f8861) revision 6876972'; Using compiler version '192829333'; Build Type 'Release'
OS: 'Windows 11  (10.0.22621) 64bit Professional' Language: 'pt' Physical Memory: 15811 MB
BatchMode: 1, IsHumanControllingUs: 0, StartBugReporterOnCrash: 0, Is64bit: 1, IsPro: 1

COMMAND LINE ARGUMENTS:
C:\Program Files\Unity\Hub\Editor\2021.3.25f1\Editor\Unity.exe
-adb2
-batchMode
-noUpm
-name
AssetImportWorker6
-projectPath
C:/Users/rcarvalho/Documents/GitHub/Nature-Warth/Nature-Warth/My project
-logFile
Logs/AssetImportWorker6.log
-srvPort
53149
Successfully changed project path to: C:/Users/rcarvalho/Documents/GitHub/Nature-Warth/Nature-Warth/My project
C:/Users/rcarvalho/Documents/GitHub/Nature-Warth/Nature-Warth/My project
[UnityMemory] Configuration Parameters - Can be set up in boot.config
    "memorysetup-bucket-allocator-granularity=16"
    "memorysetup-bucket-allocator-bucket-count=8"
    "memorysetup-bucket-allocator-block-size=33554432"
    "memorysetup-bucket-allocator-block-count=8"
    "memorysetup-main-allocator-block-size=16777216"
    "memorysetup-thread-allocator-block-size=16777216"
    "memorysetup-gfx-main-allocator-block-size=16777216"
    "memorysetup-gfx-thread-allocator-block-size=16777216"
    "memorysetup-cache-allocator-block-size=4194304"
    "memorysetup-typetree-allocator-block-size=2097152"
    "memorysetup-profiler-bucket-allocator-granularity=16"
    "memorysetup-profiler-bucket-allocator-bucket-count=8"
    "memorysetup-profiler-bucket-allocator-block-size=33554432"
    "memorysetup-profiler-bucket-allocator-block-count=8"
    "memorysetup-profiler-allocator-block-size=16777216"
    "memorysetup-profiler-editor-allocator-block-size=1048576"
    "memorysetup-temp-allocator-size-main=16777216"
    "memorysetup-job-temp-allocator-block-size=2097152"
    "memorysetup-job-temp-allocator-block-size-background=1048576"
    "memorysetup-job-temp-allocator-reduction-small-platforms=262144"
    "memorysetup-temp-allocator-size-background-worker=32768"
    "memorysetup-temp-allocator-size-job-worker=262144"
    "memorysetup-temp-allocator-size-preload-manager=33554432"
    "memorysetup-temp-allocator-size-nav-mesh-worker=65536"
    "memorysetup-temp-allocator-size-audio-worker=65536"
    "memorysetup-temp-allocator-size-cloud-worker=32768"
    "memorysetup-temp-allocator-size-gi-baking-worker=262144"
    "memorysetup-temp-allocator-size-gfx=262144"
Player connection [7580] Host "[IP] 192.168.1.247 [Port] 0 [Flags] 2 [Guid] 993032090 [EditorId] 993032090 [Version] 1048832 [Id] WindowsEditor(7,LPT232-INF) [Debug] 1 [PackageName] WindowsEditor [ProjectName] Editor" joined multi-casting on [225.0.0.222:54997]...

Player connection [7580] Host "[IP] 192.168.1.247 [Port] 0 [Flags] 2 [Guid] 993032090 [EditorId] 993032090 [Version] 1048832 [Id] WindowsEditor(7,LPT232-INF) [Debug] 1 [PackageName] WindowsEditor [ProjectName] Editor" joined alternative multi-casting on [225.0.0.222:34997]...

Refreshing native plugins compatible for Editor in 201.42 ms, found 3 plugins.
Preloading 0 native plugins for Editor in 0.00 ms.
Initialize engine version: 2021.3.25f1 (68ef2c4f8861)
[Subsystems] Discovering subsystems at path C:/Program Files/Unity/Hub/Editor/2021.3.25f1/Editor/Data/Resources/UnitySubsystems
[Subsystems] Discovering subsystems at path C:/Users/rcarvalho/Documents/GitHub/Nature-Warth/Nature-Warth/My project/Assets
GfxDevice: creating device client; threaded=0; jobified=0
Direct3D:
    Version:  Direct3D 11.0 [level 11.1]
    Renderer: Intel(R) Iris(R) Xe Graphics (ID=0x46a8)
    Vendor:   Intel
    VRAM:     7905 MB
    Driver:   31.0.101.4091
Initialize mono
Mono path[0] = 'C:/Program Files/Unity/Hub/Editor/2021.3.25f1/Editor/Data/Managed'
Mono path[1] = 'C:/Program Files/Unity/Hub/Editor/2021.3.25f1/Editor/Data/MonoBleedingEdge/lib/mono/unityjit-win32'
Mono config path = 'C:/Program Files/Unity/Hub/Editor/2021.3.25f1/Editor/Data/MonoBleedingEdge/etc'
Using monoOptions --debugger-agent=transport=dt_socket,embedding=1,server=y,suspend=n,address=127.0.0.1:56944
Begin MonoManager ReloadAssembly
Registering precompiled unity dll's ...
Register platform support module: C:/Program Files/Unity/Hub/Editor/2021.3.25f1/Editor/Data/PlaybackEngines/WindowsStandaloneSupport/UnityEditor.WindowsStandalone.Extensions.dll
Registered in 0.021918 seconds.
Native extension for WindowsStandalone target not found
Refreshing native plugins compatible for Editor in 193.51 ms, found 3 plugins.
Preloading 0 native plugins for Editor in 0.00 ms.
Mono: successfully reloaded assembly
- Completed reload, in  2.423 seconds
Domain Reload Profiling:
	ReloadAssembly (2425ms)
		BeginReloadAssembly (691ms)
			ExecutionOrderSort (0ms)
			DisableScriptedObjects (0ms)
			BackupInstance (0ms)
			ReleaseScriptingObjects (0ms)
			CreateAndSetChildDomain (3ms)
		EndReloadAssembly (1293ms)
			LoadAssemblies (677ms)
			RebuildTransferFunctionScriptingTraits (0ms)
			SetupTypeCache (345ms)
			ReleaseScriptCaches (0ms)
			RebuildScriptCaches (73ms)
			SetupLoadedEditorAssemblies (691ms)
				LogAssemblyErrors (0ms)
				InitializePlatformSupportModulesInManaged (27ms)
				SetLoadedEditorAssemblies (1ms)
				RefreshPlugins (194ms)
				BeforeProcessingInitializeOnLoad (5ms)
				ProcessInitializeOnLoadAttributes (338ms)
				ProcessInitializeOnLoadMethodAttributes (126ms)
				AfterProcessingInitializeOnLoad (0ms)
				EditorAssembliesLoaded (0ms)
			ExecutionOrderSort2 (0ms)
			AwakeInstancesAfterBackupRestoration (0ms)
Platform modules already initialized, skipping
Registering precompiled user dll's ...
Registered in 0.026268 seconds.
Begin MonoManager ReloadAssembly
Symbol file LoadedFromMemory doesn't match image C:\Users\rcarvalho\Documents\GitHub\Nature-Warth\Nature-Warth\My project\Library\PackageCache\com.unity.visualscripting@1.8.0\Editor\VisualScripting.Core\Dependencies\YamlDotNet\Unity.VisualScripting.YamlDotNet.dll
Symbol file LoadedFromMemory doesn't match image C:\Users\rcarvalho\Documents\GitHub\Nature-Warth\Nature-Warth\My project\Library\PackageCache\com.unity.visualscripting@1.8.0\Editor\VisualScripting.Core\Dependencies\DotNetZip\Unity.VisualScripting.IonicZip.dll
Native extension for WindowsStandalone target not found
Refreshing native plugins compatible for Editor in 1.21 ms, found 3 plugins.
Preloading 0 native plugins for Editor in 0.00 ms.
Mono: successfully reloaded assembly
- Completed reload, in  3.162 seconds
Domain Reload Profiling:
	ReloadAssembly (3165ms)
		BeginReloadAssembly (661ms)
			ExecutionOrderSort (0ms)
			DisableScriptedObjects (23ms)
			BackupInstance (0ms)
			ReleaseScriptingObjects (0ms)
			CreateAndSetChildDomain (68ms)
		EndReloadAssembly (2107ms)
			LoadAssemblies (625ms)
			RebuildTransferFunctionScriptingTraits (0ms)
			SetupTypeCache (656ms)
			ReleaseScriptCaches (1ms)
			RebuildScriptCaches (183ms)
			SetupLoadedEditorAssemblies (802ms)
				LogAssemblyErrors (0ms)
				InitializePlatformSupportModulesInManaged (11ms)
				SetLoadedEditorAssemblies (1ms)
				RefreshPlugins (2ms)
				BeforeProcessingInitializeOnLoad (165ms)
				ProcessInitializeOnLoadAttributes (556ms)
				ProcessInitializeOnLoadMethodAttributes (47ms)
				AfterProcessingInitializeOnLoad (20ms)
				EditorAssembliesLoaded (0ms)
			ExecutionOrderSort2 (0ms)
			AwakeInstancesAfterBackupRestoration (29ms)
Platform modules already initialized, skipping
========================================================================
Worker process is ready to serve import requests
Launched and connected shader compiler UnityShaderCompiler.exe after 0.24 seconds
Refreshing native plugins compatible for Editor in 0.84 ms, found 3 plugins.
Preloading 0 native plugins for Editor in 0.00 ms.
Unloading 3289 Unused Serialized files (Serialized files now loaded: 0)
Unloading 37 unused Assets / (185.4 KB). Loaded Objects now: 3769.
Memory consumption went from 131.0 MB to 130.9 MB.
Total: 6.703600 ms (FindLiveObjects: 0.560900 ms CreateObjectMapping: 0.449000 ms MarkObjects: 5.413200 ms  DeleteObjects: 0.277700 ms)

AssetImportParameters requested are different than current active one (requested -> active):
  custom:video-decoder-ogg-theora: a1e56fd34408186e4bbccfd4996cb3dc -> 
  custom:container-muxer-webm: aa71ff27fc2769a1b78a27578f13a17b -> 
  custom:container-demuxer-webm: 4f35f7cbe854078d1ac9338744f61a02 -> 
  custom:video-encoder-webm-vp8: eb34c28f22e8b96e1ab97ce403110664 -> 
  custom:video-codec-MediaFoundation-h265: 746d11721c4dcdbdad8f713fa42b33f4 -> 
  custom:audio-encoder-webm-vorbis: bf7c407c2cedff20999df2af8eb42d56 -> 
  custom:framework-win-MediaFoundation: 216162199b28c13a410421893ffa2e32 -> 
  custom:container-demuxer-ogg: 62fdf1f143b41e24485cea50d1cbac27 -> 
  custom:video-decoder-webm-vp8: 9c59270c3fd7afecdb556c50c9e8de78 -> 
  custom:audio-decoder-ogg-vorbis: bf7c407c2cedff20999df2af8eb42d56 -> 
========================================================================
Received Import Request.
  Time since last request: 22286.675293 seconds.
  path: Assets/Boss/The Boss.fbx
  artifactKey: Guid(929f36e8789a4ed429c5ad500884e373) Importer(815301076,1909f56bfc062723c751e8b465ee728b)
Start importing Assets/Boss/The Boss.fbx using Guid(929f36e8789a4ed429c5ad500884e373) Importer(815301076,1909f56bfc062723c751e8b465ee728b)  -> (artifact id: '7a59bc61b681b5821d9b8501ffd135c5') in 0.609128 seconds 
========================================================================
Received Import Request.
  Time since last request: 19.744867 seconds.
  path: Assets/Boss/The Boss.fbx
  artifactKey: Guid(929f36e8789a4ed429c5ad500884e373) Importer(815301076,1909f56bfc062723c751e8b465ee728b)
Start importing Assets/Boss/The Boss.fbx using Guid(929f36e8789a4ed429c5ad500884e373) Importer(815301076,1909f56bfc062723c751e8b465ee728b)  -> (artifact id: '16d4f5b513df3a988b9a7df51d147963') in 0.548711 seconds 
========================================================================
Received Import Request.
  Time since last request: 17.645021 seconds.
  path: Assets/Boss/The Boss.fbx
  artifactKey: Guid(929f36e8789a4ed429c5ad500884e373) Importer(815301076,1909f56bfc062723c751e8b465ee728b)
Start importing Assets/Boss/The Boss.fbx using Guid(929f36e8789a4ed429c5ad500884e373) Importer(815301076,1909f56bfc062723c751e8b465ee728b)  -> (artifact id: '32bc7581cc7c792690096a8186a61df9') in 0.728916 seconds 
========================================================================
Received Import Request.
  Time since last request: 0.000084 seconds.
  path: Assets/Boss/Skin_MAT 1.mat
  artifactKey: Guid(b48a6f31951225c4cb8169240015dc75) Importer(815301076,1909f56bfc062723c751e8b465ee728b)
Start importing Assets/Boss/Skin_MAT 1.mat using Guid(b48a6f31951225c4cb8169240015dc75) Importer(815301076,1909f56bfc062723c751e8b465ee728b)  -> (artifact id: 'c6acb85f5f28918be7fd04a60b3a0c78') in 0.197944 seconds 
========================================================================
Received Import Request.
  Time since last request: 8.609457 seconds.
  path: Assets/Boss/Cigar_Mat 1.mat
  artifactKey: Guid(fe82bb1cb2bc56a4b92957c40ff5f9d7) Importer(815301076,1909f56bfc062723c751e8b465ee728b)
Start importing Assets/Boss/Cigar_Mat 1.mat using Guid(fe82bb1cb2bc56a4b92957c40ff5f9d7) Importer(815301076,1909f56bfc062723c751e8b465ee728b)  -> (artifact id: 'a8a344f9862411214ddf3cc556d65f1a') in 0.278824 seconds 
========================================================================
Received Import Request.
  Time since last request: 0.000487 seconds.
  path: Assets/Boss/The Boss.fbx
  artifactKey: Guid(929f36e8789a4ed429c5ad500884e373) Importer(815301076,1909f56bfc062723c751e8b465ee728b)
Start importing Assets/Boss/The Boss.fbx using Guid(929f36e8789a4ed429c5ad500884e373) Importer(815301076,1909f56bfc062723c751e8b465ee728b)  -> (artifact id: '7304930dbeb620d2ab5859f350b6ba19') in 0.978524 seconds 
========================================================================
Received Import Request.
  Time since last request: 1.941293 seconds.
  path: Assets/Boss/Cigar_Mat 1.mat
  artifactKey: Guid(fe82bb1cb2bc56a4b92957c40ff5f9d7) Importer(815301076,1909f56bfc062723c751e8b465ee728b)
Start importing Assets/Boss/Cigar_Mat 1.mat using Guid(fe82bb1cb2bc56a4b92957c40ff5f9d7) Importer(815301076,1909f56bfc062723c751e8b465ee728b)  -> (artifact id: 'e364606e2f8e1e791316c1020dcf84d7') in 0.340447 seconds 
========================================================================
Received Import Request.
  Time since last request: 0.000139 seconds.
  path: Assets/Boss/Eyes_MAT 1.mat
  artifactKey: Guid(3cee19dc27c273448ad6d73b6f4152b2) Importer(815301076,1909f56bfc062723c751e8b465ee728b)
Start importing Assets/Boss/Eyes_MAT 1.mat using Guid(3cee19dc27c273448ad6d73b6f4152b2) Importer(815301076,1909f56bfc062723c751e8b465ee728b)  -> (artifact id: '289557b09b04edb452e5547e0abc74c9') in 0.107540 seconds 
========================================================================
Received Import Request.
  Time since last request: 0.004422 seconds.
  path: Assets/Boss/Skin_MAT 1.mat
  artifactKey: Guid(b48a6f31951225c4cb8169240015dc75) Importer(815301076,1909f56bfc062723c751e8b465ee728b)
Start importing Assets/Boss/Skin_MAT 1.mat using Guid(b48a6f31951225c4cb8169240015dc75) Importer(815301076,1909f56bfc062723c751e8b465ee728b)  -> (artifact id: '40145b1d5a13881ed45e8fed52b32c55') in 0.205026 seconds 
========================================================================
Received Import Request.
  Time since last request: 8.937038 seconds.
  path: Assets/Boss/Cigar_Mat.mat
  artifactKey: Guid(2bd0668f8ad64b945a1b92e4c25dd708) Importer(815301076,1909f56bfc062723c751e8b465ee728b)
Start importing Assets/Boss/Cigar_Mat.mat using Guid(2bd0668f8ad64b945a1b92e4c25dd708) Importer(815301076,1909f56bfc062723c751e8b465ee728b)  -> (artifact id: '41fa4eb9ddfe7b45c80aa30bfae44048') in 0.172738 seconds 
========================================================================
Received Import Request.
  Time since last request: 2.332347 seconds.
  path: Assets/Boss/Cigar_Mat.mat
  artifactKey: Guid(2bd0668f8ad64b945a1b92e4c25dd708) Importer(815301076,1909f56bfc062723c751e8b465ee728b)
Start importing Assets/Boss/Cigar_Mat.mat using Guid(2bd0668f8ad64b945a1b92e4c25dd708) Importer(815301076,1909f56bfc062723c751e8b465ee728b)  -> (artifact id: '6b449220e314a13ccb47c1145aa8ef14') in 0.070145 seconds 
========================================================================
Received Import Request.
  Time since last request: 2.717457 seconds.
  path: Assets/Boss/The Boss.fbx
  artifactKey: Guid(929f36e8789a4ed429c5ad500884e373) Importer(815301076,1909f56bfc062723c751e8b465ee728b)
Start importing Assets/Boss/The Boss.fbx using Guid(929f36e8789a4ed429c5ad500884e373) Importer(815301076,1909f56bfc062723c751e8b465ee728b)  -> (artifact id: '38beb63af46b956468b5609fcc8f4be0') in 0.704833 seconds 
========================================================================
Received Import Request.
  Time since last request: 1.016626 seconds.
  path: Assets/Boss/The Boss.fbx
  artifactKey: Guid(929f36e8789a4ed429c5ad500884e373) Importer(815301076,1909f56bfc062723c751e8b465ee728b)
Start importing Assets/Boss/The Boss.fbx using Guid(929f36e8789a4ed429c5ad500884e373) Importer(815301076,1909f56bfc062723c751e8b465ee728b)  -> (artifact id: '999ef9df39e3b5768f66f18d0b9459ad') in 0.573101 seconds 
========================================================================
Received Import Request.
  Time since last request: 7.186186 seconds.
  path: Assets/Boss/The Boss.fbx
  artifactKey: Guid(929f36e8789a4ed429c5ad500884e373) Importer(815301076,1909f56bfc062723c751e8b465ee728b)
Start importing Assets/Boss/The Boss.fbx using Guid(929f36e8789a4ed429c5ad500884e373) Importer(815301076,1909f56bfc062723c751e8b465ee728b)  -> (artifact id: 'ae8aac130d2be8026fcef3463056fece') in 0.220968 seconds 
========================================================================
Received Import Request.
  Time since last request: 1.160529 seconds.
  path: Assets/Boss/The Boss.fbx
  artifactKey: Guid(929f36e8789a4ed429c5ad500884e373) Importer(815301076,1909f56bfc062723c751e8b465ee728b)
Start importing Assets/Boss/The Boss.fbx using Guid(929f36e8789a4ed429c5ad500884e373) Importer(815301076,1909f56bfc062723c751e8b465ee728b)  -> (artifact id: '1bfdcb465d58731d34ec1da900dff0f8') in 0.580511 seconds 
========================================================================
Received Import Request.
  Time since last request: 4.184203 seconds.
  path: Assets/Boss/The Boss.fbx
  artifactKey: Guid(929f36e8789a4ed429c5ad500884e373) Importer(815301076,1909f56bfc062723c751e8b465ee728b)
Start importing Assets/Boss/The Boss.fbx using Guid(929f36e8789a4ed429c5ad500884e373) Importer(815301076,1909f56bfc062723c751e8b465ee728b)  -> (artifact id: '952d45a6337c4db0977aa0428b62b538') in 0.289235 seconds 
========================================================================
Received Import Request.
  Time since last request: 5.479742 seconds.
  path: Assets/Boss/The Boss.fbx
  artifactKey: Guid(929f36e8789a4ed429c5ad500884e373) Importer(815301076,1909f56bfc062723c751e8b465ee728b)
Start importing Assets/Boss/The Boss.fbx using Guid(929f36e8789a4ed429c5ad500884e373) Importer(815301076,1909f56bfc062723c751e8b465ee728b)  -> (artifact id: '0a39b97b3bd127c3a735d53fd04df20e') in 0.289954 seconds 
========================================================================
Received Import Request.
  Time since last request: 3.649010 seconds.
  path: Assets/Boss/Boss_normal.png
  artifactKey: Guid(b1a36a9fecbd1f649a99fd61f8bc3403) Importer(815301076,1909f56bfc062723c751e8b465ee728b)
Start importing Assets/Boss/Boss_normal.png using Guid(b1a36a9fecbd1f649a99fd61f8bc3403) Importer(815301076,1909f56bfc062723c751e8b465ee728b)  -> (artifact id: 'b3945ebd5a833b3652aeb16940a80285') in 0.112601 seconds 
========================================================================
Received Import Request.
  Time since last request: 0.000041 seconds.
  path: Assets/Boss/Skin_MAT.mat
  artifactKey: Guid(29e672dedbf15f7468ef06657d292a63) Importer(815301076,1909f56bfc062723c751e8b465ee728b)
Start importing Assets/Boss/Skin_MAT.mat using Guid(29e672dedbf15f7468ef06657d292a63) Importer(815301076,1909f56bfc062723c751e8b465ee728b)  -> (artifact id: '13b7780b9cac50403cea4625bd5bfc5c') in 0.052697 seconds 
========================================================================
Received Import Request.
  Time since last request: 36.881128 seconds.
  path: Assets/Boss/The Boss.fbx
  artifactKey: Guid(929f36e8789a4ed429c5ad500884e373) Importer(815301076,1909f56bfc062723c751e8b465ee728b)
Start importing Assets/Boss/The Boss.fbx using Guid(929f36e8789a4ed429c5ad500884e373) Importer(815301076,1909f56bfc062723c751e8b465ee728b)  -> (artifact id: '3ef0a4b694285b34a2996341602b6198') in 0.282237 seconds 
========================================================================
Received Import Request.
  Time since last request: 112.912773 seconds.
  path: Assets/Boss/The Boss.fbx
  artifactKey: Guid(929f36e8789a4ed429c5ad500884e373) Importer(815301076,1909f56bfc062723c751e8b465ee728b)
Start importing Assets/Boss/The Boss.fbx using Guid(929f36e8789a4ed429c5ad500884e373) Importer(815301076,1909f56bfc062723c751e8b465ee728b)  -> (artifact id: '2f6c2f53643bafc360f8e699d7c424ec') in 0.166070 seconds 
========================================================================
Received Import Request.
  Time since last request: 125.482427 seconds.
  path: Assets/Boss/The Boss.fbx
  artifactKey: Guid(929f36e8789a4ed429c5ad500884e373) Importer(815301076,1909f56bfc062723c751e8b465ee728b)
Start importing Assets/Boss/The Boss.fbx using Guid(929f36e8789a4ed429c5ad500884e373) Importer(815301076,1909f56bfc062723c751e8b465ee728b)  -> (artifact id: '07f91e04a498174324a35e9bab758988') in 0.340889 seconds 
